<?xml version="1.0" encoding="UTF-8"?>
<!-- Generated by org.testng.reporters.JUnitReportReporter -->
<testsuite hostname="Manish_PC" failures="0" tests="1" name="testframework.tests.StandAloneTest" time="21.811" errors="0" timestamp="2025-05-29T11:18:42 IST" skipped="0">
  <testcase classname="testframework.tests.StandAloneTest" name="submitOrder" time="21.811"/>
</testsuite> <!-- testframework.tests.StandAloneTest -->
