<?xml version="1.0" encoding="UTF-8"?>
<!-- Generated by org.testng.reporters.JUnitReportReporter -->
<testsuite hostname="Manish_PC" failures="0" tests="2" name="testframework.tests.ErrorValidations" time="39.847" errors="0" timestamp="2025-06-02T20:10:43 IST" skipped="0">
  <testcase classname="testframework.tests.ErrorValidations" name="loginErrorValidation" time="9.606"/>
  <testcase classname="testframework.tests.ErrorValidations" name="productErrorValidation" time="30.241"/>
</testsuite> <!-- testframework.tests.ErrorValidations -->
