<?xml version="1.0" encoding="UTF-8"?>
<!-- Generated by org.testng.reporters.JUnitReportReporter -->
<testsuite hostname="Manish_PC" failures="0" tests="3" name="testframework.tests.SubmitOrderTest" time="65.750" errors="0" timestamp="2025-06-02T20:10:43 IST" skipped="0">
  <testcase classname="testframework.tests.SubmitOrderTest" name="submitOrder" time="25.705"/>
  <testcase classname="testframework.tests.SubmitOrderTest" name="OrderHistoryTest" time="14.367"/>
  <testcase classname="testframework.tests.SubmitOrderTest" name="submitOrder" time="25.678"/>
</testsuite> <!-- testframework.tests.SubmitOrderTest -->
