<?xml version="1.0" encoding="UTF-8"?>
<!-- Generated by org.testng.reporters.JUnitReportReporter -->
<testsuite hostname="Manish_PC" failures="0" tests="1" name="cucumber.TestNGTestRunner" time="35.558" errors="0" timestamp="2025-06-03T19:02:43 IST" skipped="0">
  <testcase classname="cucumber.TestNGTestRunner" name="runScenario" time="35.558"/>
</testsuite> <!-- cucumber.TestNGTestRunner -->
